Solid Edge Translation to STEP
Date: Saturday,April 15,2023 10:03AM
Output File: D:\Personal Projects\Duet3MiniPrinter\GantryPlate.stp
Author: Unknown
Organization: Unknown
Source System: Solid Edge

Hardware:
Processor: AMD Ryzen 7 5800H with Radeon Graphics         
Operating System: Windows 10 Professional
Installed Memory: 15.85 GB

Software Information
Parasolid Version: 32.1.222
PSBodyShop Version: 32.1.94
Step Adapter Version: 5.0.107
Solid Edge Version: 221.00.03.003 x64

STEP Export Options
Export Format: AP214
Export Construction Sheets: Off
Export Construction Solids: Off
Export Construction Wires: Off
Export Displayed Parts Only: On
Export Units: Millimeters
Export Part Component Names As Unicode: Off
Export PMI: Off

Phase 1 of 1 Translating Parasolid to foreign data types...
Translation process completed
Time required to translate:00 : 00 : 00
